<?xml version="1.0" encoding="UTF-8"?>
<!-- Generated by org.testng.reporters.JUnitXMLReporter -->
<testsuite ignored="3" hostname="bballa-MAIT182" failures="0" tests="1" name="Default test(failed)" time="9.45" errors="0" timestamp="2022-09-08T22:30:19 IST">
  <testcase classname="com.TestRunner.TestRunner" name="test_HCO" time="6.183"/>
  <testcase classname="com.TestRunner.TestRunner" name="test_Yahoo" time="0.0">
    <ignored/>
  </testcase> <!-- test_Yahoo -->
  <testcase classname="com.TestRunner.TestRunner" name="test_ANF" time="0.0">
    <ignored/>
  </testcase> <!-- test_ANF -->
  <testcase classname="com.TestRunner.TestRunner" name="test_Google" time="0.0">
    <ignored/>
  </testcase> <!-- test_Google -->
</testsuite> <!-- Default test(failed) -->
