<?xml version="1.0" encoding="UTF-8"?>
<testng-results ignored="0" total="1" passed="1" failed="0" skipped="0">
  <reporter-output>
  </reporter-output>
  <suite started-at="2022-10-31T17:34:58 IST" name="Default suite" finished-at="2022-10-31T17:35:19 IST" duration-ms="21159">
    <groups>
    </groups>
    <test started-at="2022-10-31T17:34:58 IST" name="Default test" finished-at="2022-10-31T17:35:19 IST" duration-ms="21159">
      <class name="com.Selenium.Practice.Navigations">
        <test-method is-config="true" signature="setUp()[pri:0, instance:com.Selenium.Practice.Navigations@247310d0]" started-at="2022-10-31T17:34:58 IST" name="setUp" finished-at="2022-10-31T17:35:06 IST" duration-ms="8365" status="PASS">
          <reporter-output>
          </reporter-output>
        </test-method> <!-- setUp -->
        <test-method signature="navigations()[pri:0, instance:com.Selenium.Practice.Navigations@247310d0]" started-at="2022-10-31T17:35:06 IST" name="navigations" finished-at="2022-10-31T17:35:19 IST" duration-ms="12733" status="PASS">
          <reporter-output>
          </reporter-output>
        </test-method> <!-- navigations -->
      </class> <!-- com.Selenium.Practice.Navigations -->
    </test> <!-- Default test -->
  </suite> <!-- Default suite -->
</testng-results>
